<?xml version="1.0" encoding="UTF-8"?>
<testsuite xmlns:xsi="http://www.w3.org/2001/XMLSchema-instance" xsi:noNamespaceSchemaLocation="https://maven.apache.org/surefire/maven-surefire-plugin/xsd/surefire-test-report-3.0.xsd" version="3.0" name="myCucumberTest.RunCucumberTest" time="47.614" tests="5" errors="0" skipped="0" failures="0">
  <properties>
[...]
</properties>
  <testcase name="Smoke test" classname="Check for Searched Results" time="14.179">
    <system-out><![CDATA[
Scenario: Smoke test         &amp#27;[90m# myCucumberTest/LinkGroup.feature:3&amp#27;[0m
  &amp#27;[32mWhen &amp#27;[0m&amp#27;[32mI open the home page&amp#27;[0m  &amp#27;[90m# myCucumberTest.StepDefinitions.i_open_the_home_page()&amp#27;[0m
  &amp#27;[32mThen &amp#27;[0m&amp#27;[32mthe page is displayed&amp#27;[0m &amp#27;[90m# myCucumberTest.StepDefinitions.the_page_is_displayed()&amp#27;[0m
]]></system-out>
    <system-err><![CDATA[SLF4J: Failed to load class "org.slf4j.impl.StaticLoggerBinder".
SLF4J: Defaulting to no-operation (NOP) logger implementation
SLF4J: See http://www.slf4j.org/codes.html#StaticLoggerBinder for further details.
Starting ChromeDriver 97.0.4692.71 (adefa7837d02a07a604c1e6eff0b3a09422ab88d-refs/branch-heads/4692@{#1247}) on port 51623
Only local connections are allowed.
Please see https://chromedriver.chromium.org/security-considerations for suggestions on keeping ChromeDriver safe.
ChromeDriver was started successfully.
Jan 25, 2022 2:40:15 AM org.openqa.selenium.remote.ProtocolHandshake createSession
INFO: Detected dialect: W3C
Jan 25, 2022 2:40:15 AM org.openqa.selenium.devtools.CdpVersionFinder findNearestMatch
WARNING: Unable to find an exact match for CDP version 97, so returning the closest version found: 95
Jan 25, 2022 2:40:15 AM org.openqa.selenium.devtools.CdpVersionFinder findNearestMatch
INFO: Found CDP implementation for version 97 of 95
]]></system-err>
  </testcase>
  <testcase name="Search results" classname="Check for Searched Results" time="2.776">
    <system-out><![CDATA[
Scenario: Search results                            &amp#27;[90m# myCucumberTest/LinkGroup.feature:6&amp#27;[0m
********************Page Title : Home
  &amp#27;[32mGiven &amp#27;[0m&amp#27;[32mI have opened the home page&amp#27;[0m                 &amp#27;[90m# myCucumberTest.StepDefinitions.i_have_opened_the_home_page()&amp#27;[0m
  &amp#27;[32mAnd &amp#27;[0m&amp#27;[32mI have agreed to the cookie policy&amp#27;[0m            &amp#27;[90m# myCucumberTest.StepDefinitions.i_have_agreed_to_the_cookie_policy()&amp#27;[0m
  &amp#27;[32mWhen &amp#27;[0m&amp#27;[32mI search for &amp#27;[0m&amp#27;[32m&amp#27;[1m"Leeds"&amp#27;[0m                         &amp#27;[90m# myCucumberTest.StepDefinitions.i_search_for(java.lang.String)&amp#27;[0m
  &amp#27;[32mThen &amp#27;[0m&amp#27;[32mthe search results are displayed for &amp#27;[0m&amp#27;[32m&amp#27;[1m"Leeds"&amp#27;[0m &amp#27;[90m# myCucumberTest.StepDefinitions.the_search_results_are_displayed_for(java.lang.String)&amp#27;[0m
]]></system-out>
  </testcase>
  <testcase name="Example #1" classname="Examples" time="11.169">
    <system-out><![CDATA[
Scenario Outline: Investment managers                          &amp#27;[90m# myCucumberTest/LinkGroup.feature:18&amp#27;[0m
  &amp#27;[32mGiven &amp#27;[0m&amp#27;[32mI have opened the Fund Solutions page&amp#27;[0m                  &amp#27;[90m# myCucumberTest.StepDefinitions.i_have_opened_the_fund_solutions_page()&amp#27;[0m
  &amp#27;[32mWhen &amp#27;[0m&amp#27;[32mI view Funds&amp#27;[0m                                            &amp#27;[90m# myCucumberTest.StepDefinitions.i_view_funds()&amp#27;[0m
*******************UK
***********************Investment Managers for UK investors --> Enabled : true
  &amp#27;[32mThen &amp#27;[0m&amp#27;[32mI can select the investment managers for &amp#27;[0m&amp#27;[32m&amp#27;[1m"UK"&amp#27;[0m&amp#27;[32m investors&amp#27;[0m &amp#27;[90m# myCucumberTest.StepDefinitions.i_can_select_the_investment_managers_for_uk_investors(java.lang.String)&amp#27;[0m
]]></system-out>
    <system-err><![CDATA[Starting ChromeDriver 97.0.4692.71 (adefa7837d02a07a604c1e6eff0b3a09422ab88d-refs/branch-heads/4692@{#1247}) on port 50919
Only local connections are allowed.
Please see https://chromedriver.chromium.org/security-considerations for suggestions on keeping ChromeDriver safe.
ChromeDriver was started successfully.
Jan 25, 2022 2:40:27 AM org.openqa.selenium.remote.ProtocolHandshake createSession
INFO: Detected dialect: W3C
Jan 25, 2022 2:40:27 AM org.openqa.selenium.devtools.CdpVersionFinder findNearestMatch
WARNING: Unable to find an exact match for CDP version 97, so returning the closest version found: 95
Jan 25, 2022 2:40:27 AM org.openqa.selenium.devtools.CdpVersionFinder findNearestMatch
INFO: Found CDP implementation for version 97 of 95
]]></system-err>
  </testcase>
  <testcase name="Example #2" classname="Examples" time="8.706">
    <system-out><![CDATA[
Scenario Outline: Investment managers                             &amp#27;[90m# myCucumberTest/LinkGroup.feature:19&amp#27;[0m
  &amp#27;[32mGiven &amp#27;[0m&amp#27;[32mI have opened the Fund Solutions page&amp#27;[0m                     &amp#27;[90m# myCucumberTest.StepDefinitions.i_have_opened_the_fund_solutions_page()&amp#27;[0m
  &amp#27;[32mWhen &amp#27;[0m&amp#27;[32mI view Funds&amp#27;[0m                                               &amp#27;[90m# myCucumberTest.StepDefinitions.i_view_funds()&amp#27;[0m
*******************Irish
***********************Investment Managers for Irish investors --> Enabled : true
  &amp#27;[32mThen &amp#27;[0m&amp#27;[32mI can select the investment managers for &amp#27;[0m&amp#27;[32m&amp#27;[1m"Irish"&amp#27;[0m&amp#27;[32m investors&amp#27;[0m &amp#27;[90m# myCucumberTest.StepDefinitions.i_can_select_the_investment_managers_for_uk_investors(java.lang.String)&amp#27;[0m
]]></system-out>
    <system-err><![CDATA[Starting ChromeDriver 97.0.4692.71 (adefa7837d02a07a604c1e6eff0b3a09422ab88d-refs/branch-heads/4692@{#1247}) on port 51565
Only local connections are allowed.
Please see https://chromedriver.chromium.org/security-considerations for suggestions on keeping ChromeDriver safe.
ChromeDriver was started successfully.
Jan 25, 2022 2:40:39 AM org.openqa.selenium.remote.ProtocolHandshake createSession
INFO: Detected dialect: W3C
Jan 25, 2022 2:40:39 AM org.openqa.selenium.devtools.CdpVersionFinder findNearestMatch
WARNING: Unable to find an exact match for CDP version 97, so returning the closest version found: 95
Jan 25, 2022 2:40:39 AM org.openqa.selenium.devtools.CdpVersionFinder findNearestMatch
INFO: Found CDP implementation for version 97 of 95
]]></system-err>
  </testcase>
  <testcase name="Example #3" classname="Examples" time="10.32">
    <system-out><![CDATA[
Scenario Outline: Investment managers                             &amp#27;[90m# myCucumberTest/LinkGroup.feature:20&amp#27;[0m
  &amp#27;[32mGiven &amp#27;[0m&amp#27;[32mI have opened the Fund Solutions page&amp#27;[0m                     &amp#27;[90m# myCucumberTest.StepDefinitions.i_have_opened_the_fund_solutions_page()&amp#27;[0m
  &amp#27;[32mWhen &amp#27;[0m&amp#27;[32mI view Funds&amp#27;[0m                                               &amp#27;[90m# myCucumberTest.StepDefinitions.i_view_funds()&amp#27;[0m
*******************Swiss
***********************Investment Managers for Swiss investors --> Enabled : true
  &amp#27;[32mThen &amp#27;[0m&amp#27;[32mI can select the investment managers for &amp#27;[0m&amp#27;[32m&amp#27;[1m"Swiss"&amp#27;[0m&amp#27;[32m investors&amp#27;[0m &amp#27;[90m# myCucumberTest.StepDefinitions.i_can_select_the_investment_managers_for_uk_investors(java.lang.String)&amp#27;[0m
]]></system-out>
    <system-err><![CDATA[Starting ChromeDriver 97.0.4692.71 (adefa7837d02a07a604c1e6eff0b3a09422ab88d-refs/branch-heads/4692@{#1247}) on port 51751
Only local connections are allowed.
Please see https://chromedriver.chromium.org/security-considerations for suggestions on keeping ChromeDriver safe.
ChromeDriver was started successfully.
Jan 25, 2022 2:40:47 AM org.openqa.selenium.remote.ProtocolHandshake createSession
INFO: Detected dialect: W3C
Jan 25, 2022 2:40:47 AM org.openqa.selenium.devtools.CdpVersionFinder findNearestMatch
WARNING: Unable to find an exact match for CDP version 97, so returning the closest version found: 95
Jan 25, 2022 2:40:47 AM org.openqa.selenium.devtools.CdpVersionFinder findNearestMatch
INFO: Found CDP implementation for version 97 of 95
]]></system-err>
  </testcase>
</testsuite>